  [1m[35m (0.9ms)[0m  [1m[34mSELECT pg_try_advisory_lock(5831472875260309725)[0m
  [1m[35m (1.4ms)[0m  [1m[34mSELECT "schema_migrations"."version" FROM "schema_migrations" ORDER BY "schema_migrations"."version" ASC[0m
Migrating to CreateUsers (20210225003103)
  [1m[36mTRANSACTION (0.2ms)[0m  [1m[35mBEGIN[0m
  [1m[35m (18.3ms)[0m  [1m[35mCREATE TABLE "users" ("id" bigserial primary key, "name" character varying, "created_at" timestamp(6) NOT NULL, "updated_at" timestamp(6) NOT NULL)[0m
  [1m[36mTRANSACTION (0.1ms)[0m  [1m[31mROLLBACK[0m
  [1m[35m (0.2ms)[0m  [1m[34mSELECT pg_advisory_unlock(5831472875260309725)[0m
  [1m[35m (0.6ms)[0m  [1m[34mSELECT "schema_migrations"."version" FROM "schema_migrations" ORDER BY "schema_migrations"."version" ASC[0m
  [1m[35m (0.7ms)[0m  [1m[34mSELECT "ar_internal_metadata"."value" FROM "ar_internal_metadata" WHERE "ar_internal_metadata"."key" = $1[0m  [["key", "environment"]]
  [1m[35m (0.2ms)[0m  [1m[34mSELECT "schema_migrations"."version" FROM "schema_migrations" ORDER BY "schema_migrations"."version" ASC[0m
  [1m[35m (0.3ms)[0m  [1m[34mSELECT "ar_internal_metadata"."value" FROM "ar_internal_metadata" WHERE "ar_internal_metadata"."key" = $1[0m  [["key", "environment"]]
  [1m[35m (0.3ms)[0m  [1m[34mSELECT "schema_migrations"."version" FROM "schema_migrations" ORDER BY "schema_migrations"."version" ASC[0m
  [1m[35m (0.3ms)[0m  [1m[34mSELECT "ar_internal_metadata"."value" FROM "ar_internal_metadata" WHERE "ar_internal_metadata"."key" = $1[0m  [["key", "environment"]]
  [1m[35m (87.6ms)[0m  [1m[35mDROP DATABASE IF EXISTS "project_backend_development"[0m
  [1m[35m (86.9ms)[0m  [1m[35mDROP DATABASE IF EXISTS "project_backend_test"[0m
  [1m[35m (460.3ms)[0m  [1m[35mCREATE DATABASE "project_backend_development" ENCODING = 'unicode'[0m
  [1m[35m (438.0ms)[0m  [1m[35mCREATE DATABASE "project_backend_test" ENCODING = 'unicode'[0m
  [1m[35m (16.7ms)[0m  [1m[35mCREATE TABLE "schema_migrations" ("version" character varying NOT NULL PRIMARY KEY)[0m
  [1m[35m (4.8ms)[0m  [1m[35mCREATE TABLE "ar_internal_metadata" ("key" character varying NOT NULL PRIMARY KEY, "value" character varying, "created_at" timestamp(6) NOT NULL, "updated_at" timestamp(6) NOT NULL)[0m
  [1m[35m (0.2ms)[0m  [1m[34mSELECT pg_try_advisory_lock(5831472875260309725)[0m
  [1m[35m (0.5ms)[0m  [1m[34mSELECT "schema_migrations"."version" FROM "schema_migrations" ORDER BY "schema_migrations"."version" ASC[0m
Migrating to CreateUsers (20210225003103)
  [1m[36mTRANSACTION (0.1ms)[0m  [1m[35mBEGIN[0m
  [1m[35m (6.8ms)[0m  [1m[35mCREATE TABLE "users" ("id" bigserial primary key, "name" character varying, "created_at" timestamp(6) NOT NULL, "updated_at" timestamp(6) NOT NULL)[0m
  [1m[36mActiveRecord::SchemaMigration Create (0.8ms)[0m  [1m[32mINSERT INTO "schema_migrations" ("version") VALUES ($1) RETURNING "version"[0m  [["version", "20210225003103"]]
  [1m[36mTRANSACTION (0.2ms)[0m  [1m[35mCOMMIT[0m
  [1m[36mActiveRecord::InternalMetadata Load (0.5ms)[0m  [1m[34mSELECT "ar_internal_metadata".* FROM "ar_internal_metadata" WHERE "ar_internal_metadata"."key" = $1 LIMIT $2[0m  [["key", "environment"], ["LIMIT", 1]]
  [1m[36mTRANSACTION (0.2ms)[0m  [1m[35mBEGIN[0m
  [1m[36mActiveRecord::InternalMetadata Create (0.9ms)[0m  [1m[32mINSERT INTO "ar_internal_metadata" ("key", "value", "created_at", "updated_at") VALUES ($1, $2, $3, $4) RETURNING "key"[0m  [["key", "environment"], ["value", "development"], ["created_at", "2021-02-25 00:42:44.180250"], ["updated_at", "2021-02-25 00:42:44.180250"]]
  [1m[36mTRANSACTION (0.2ms)[0m  [1m[35mCOMMIT[0m
  [1m[35m (0.2ms)[0m  [1m[34mSELECT pg_advisory_unlock(5831472875260309725)[0m
  [1m[35m (0.6ms)[0m  [1m[34mSELECT "schema_migrations"."version" FROM "schema_migrations" ORDER BY "schema_migrations"."version" ASC[0m
Started GET "/search" for ::1 at 2021-02-24 17:06:58 -0800
  [1m[35m (0.6ms)[0m  [1m[34mSELECT "schema_migrations"."version" FROM "schema_migrations" ORDER BY "schema_migrations"."version" ASC[0m
  
ActionController::RoutingError (No route matches [GET] "/search"):
  
Started GET "/search" for ::1 at 2021-02-24 17:07:05 -0800
  
ActionController::RoutingError (No route matches [GET] "/search"):
  
Started GET "/search" for ::1 at 2021-02-24 17:09:02 -0800
  
ActionController::RoutingError (No route matches [GET] "/search"):
  
Started GET "/search" for ::1 at 2021-02-24 17:09:33 -0800
  [1m[35m (0.6ms)[0m  [1m[34mSELECT "schema_migrations"."version" FROM "schema_migrations" ORDER BY "schema_migrations"."version" ASC[0m
  
ActionController::RoutingError (No route matches [GET] "/search"):
  
Started GET "/search" for ::1 at 2021-02-24 17:10:11 -0800
  
AbstractController::ActionNotFound (The action 'get_request' could not be found for UsersController):
  
actionpack (6.1.3) lib/abstract_controller/base.rb:160:in `process'
actionpack (6.1.3) lib/action_controller/metal.rb:190:in `dispatch'
actionpack (6.1.3) lib/action_controller/metal.rb:254:in `dispatch'
actionpack (6.1.3) lib/action_dispatch/routing/route_set.rb:50:in `dispatch'
actionpack (6.1.3) lib/action_dispatch/routing/route_set.rb:33:in `serve'
actionpack (6.1.3) lib/action_dispatch/journey/router.rb:50:in `block in serve'
actionpack (6.1.3) lib/action_dispatch/journey/router.rb:32:in `each'
actionpack (6.1.3) lib/action_dispatch/journey/router.rb:32:in `serve'
actionpack (6.1.3) lib/action_dispatch/routing/route_set.rb:842:in `call'
rack (2.2.3) lib/rack/etag.rb:27:in `call'
rack (2.2.3) lib/rack/conditional_get.rb:27:in `call'
rack (2.2.3) lib/rack/head.rb:12:in `call'
activerecord (6.1.3) lib/active_record/migration.rb:601:in `call'
actionpack (6.1.3) lib/action_dispatch/middleware/callbacks.rb:27:in `block in call'
activesupport (6.1.3) lib/active_support/callbacks.rb:98:in `run_callbacks'
actionpack (6.1.3) lib/action_dispatch/middleware/callbacks.rb:26:in `call'
actionpack (6.1.3) lib/action_dispatch/middleware/executor.rb:14:in `call'
actionpack (6.1.3) lib/action_dispatch/middleware/actionable_exceptions.rb:18:in `call'
actionpack (6.1.3) lib/action_dispatch/middleware/debug_exceptions.rb:29:in `call'
actionpack (6.1.3) lib/action_dispatch/middleware/show_exceptions.rb:33:in `call'
railties (6.1.3) lib/rails/rack/logger.rb:37:in `call_app'
railties (6.1.3) lib/rails/rack/logger.rb:26:in `block in call'
activesupport (6.1.3) lib/active_support/tagged_logging.rb:99:in `block in tagged'
activesupport (6.1.3) lib/active_support/tagged_logging.rb:37:in `tagged'
activesupport (6.1.3) lib/active_support/tagged_logging.rb:99:in `tagged'
railties (6.1.3) lib/rails/rack/logger.rb:26:in `call'
actionpack (6.1.3) lib/action_dispatch/middleware/remote_ip.rb:81:in `call'
actionpack (6.1.3) lib/action_dispatch/middleware/request_id.rb:26:in `call'
rack (2.2.3) lib/rack/runtime.rb:22:in `call'
activesupport (6.1.3) lib/active_support/cache/strategy/local_cache_middleware.rb:29:in `call'
actionpack (6.1.3) lib/action_dispatch/middleware/executor.rb:14:in `call'
actionpack (6.1.3) lib/action_dispatch/middleware/static.rb:24:in `call'
rack (2.2.3) lib/rack/sendfile.rb:110:in `call'
actionpack (6.1.3) lib/action_dispatch/middleware/host_authorization.rb:98:in `call'
rack-cors (1.1.1) lib/rack/cors.rb:100:in `call'
railties (6.1.3) lib/rails/engine.rb:539:in `call'
puma (5.2.1) lib/puma/configuration.rb:247:in `call'
puma (5.2.1) lib/puma/request.rb:76:in `block in handle_request'
puma (5.2.1) lib/puma/thread_pool.rb:337:in `with_force_shutdown'
puma (5.2.1) lib/puma/request.rb:75:in `handle_request'
puma (5.2.1) lib/puma/server.rb:431:in `process_client'
puma (5.2.1) lib/puma/thread_pool.rb:145:in `block in spawn_thread'
Started GET "/users/search" for ::1 at 2021-02-24 17:10:33 -0800
  
AbstractController::ActionNotFound (The action 'show' could not be found for UsersController):
  
actionpack (6.1.3) lib/abstract_controller/base.rb:160:in `process'
actionpack (6.1.3) lib/action_controller/metal.rb:190:in `dispatch'
actionpack (6.1.3) lib/action_controller/metal.rb:254:in `dispatch'
actionpack (6.1.3) lib/action_dispatch/routing/route_set.rb:50:in `dispatch'
actionpack (6.1.3) lib/action_dispatch/routing/route_set.rb:33:in `serve'
actionpack (6.1.3) lib/action_dispatch/journey/router.rb:50:in `block in serve'
actionpack (6.1.3) lib/action_dispatch/journey/router.rb:32:in `each'
actionpack (6.1.3) lib/action_dispatch/journey/router.rb:32:in `serve'
actionpack (6.1.3) lib/action_dispatch/routing/route_set.rb:842:in `call'
rack (2.2.3) lib/rack/etag.rb:27:in `call'
rack (2.2.3) lib/rack/conditional_get.rb:27:in `call'
rack (2.2.3) lib/rack/head.rb:12:in `call'
activerecord (6.1.3) lib/active_record/migration.rb:601:in `call'
actionpack (6.1.3) lib/action_dispatch/middleware/callbacks.rb:27:in `block in call'
activesupport (6.1.3) lib/active_support/callbacks.rb:98:in `run_callbacks'
actionpack (6.1.3) lib/action_dispatch/middleware/callbacks.rb:26:in `call'
actionpack (6.1.3) lib/action_dispatch/middleware/executor.rb:14:in `call'
actionpack (6.1.3) lib/action_dispatch/middleware/actionable_exceptions.rb:18:in `call'
actionpack (6.1.3) lib/action_dispatch/middleware/debug_exceptions.rb:29:in `call'
actionpack (6.1.3) lib/action_dispatch/middleware/show_exceptions.rb:33:in `call'
railties (6.1.3) lib/rails/rack/logger.rb:37:in `call_app'
railties (6.1.3) lib/rails/rack/logger.rb:26:in `block in call'
activesupport (6.1.3) lib/active_support/tagged_logging.rb:99:in `block in tagged'
activesupport (6.1.3) lib/active_support/tagged_logging.rb:37:in `tagged'
activesupport (6.1.3) lib/active_support/tagged_logging.rb:99:in `tagged'
railties (6.1.3) lib/rails/rack/logger.rb:26:in `call'
actionpack (6.1.3) lib/action_dispatch/middleware/remote_ip.rb:81:in `call'
actionpack (6.1.3) lib/action_dispatch/middleware/request_id.rb:26:in `call'
rack (2.2.3) lib/rack/runtime.rb:22:in `call'
activesupport (6.1.3) lib/active_support/cache/strategy/local_cache_middleware.rb:29:in `call'
actionpack (6.1.3) lib/action_dispatch/middleware/executor.rb:14:in `call'
actionpack (6.1.3) lib/action_dispatch/middleware/static.rb:24:in `call'
rack (2.2.3) lib/rack/sendfile.rb:110:in `call'
actionpack (6.1.3) lib/action_dispatch/middleware/host_authorization.rb:98:in `call'
rack-cors (1.1.1) lib/rack/cors.rb:100:in `call'
railties (6.1.3) lib/rails/engine.rb:539:in `call'
puma (5.2.1) lib/puma/configuration.rb:247:in `call'
puma (5.2.1) lib/puma/request.rb:76:in `block in handle_request'
puma (5.2.1) lib/puma/thread_pool.rb:337:in `with_force_shutdown'
puma (5.2.1) lib/puma/request.rb:75:in `handle_request'
puma (5.2.1) lib/puma/server.rb:431:in `process_client'
puma (5.2.1) lib/puma/thread_pool.rb:145:in `block in spawn_thread'
Started GET "/search" for ::1 at 2021-02-24 17:11:43 -0800
Processing by UsersController#get_request as */*
Completed 500 Internal Server Error in 20ms (ActiveRecord: 0.0ms | Allocations: 6068)


  
NameError (uninitialized constant #<Class:0x00007f07c9093530>::RestClient):
  
app/models/user.rb:5:in `get_request'
app/controllers/users_controller.rb:10:in `get_request'
Started GET "/search" for ::1 at 2021-02-24 17:12:15 -0800
  [1m[35m (0.8ms)[0m  [1m[34mSELECT "schema_migrations"."version" FROM "schema_migrations" ORDER BY "schema_migrations"."version" ASC[0m
Processing by UsersController#get_request as */*
Completed 500 Internal Server Error in 10ms (ActiveRecord: 0.0ms | Allocations: 4823)


  
NameError (uninitialized constant #<Class:0x00007f04c16525f8>::RestClient):
  
app/models/user.rb:5:in `get_request'
app/controllers/users_controller.rb:10:in `get_request'
Started GET "/search" for ::1 at 2021-02-24 17:13:07 -0800
Processing by UsersController#get_request as */*
Completed 500 Internal Server Error in 7ms (ActiveRecord: 0.0ms | Allocations: 229)


  
LoadError (cannot load such file -- rest-client):
  
app/models/user.rb:1:in `<main>'
app/controllers/users_controller.rb:10:in `get_request'
Started GET "/search" for ::1 at 2021-02-24 17:14:28 -0800
Processing by UsersController#get_request as */*
Completed 500 Internal Server Error in 3ms (ActiveRecord: 0.0ms | Allocations: 1391)


  
NameError (uninitialized constant RestClient):
  
app/models/user.rb:1:in `<main>'
app/controllers/users_controller.rb:10:in `get_request'
Started GET "/search" for ::1 at 2021-02-24 17:32:58 -0800
Processing by UsersController#get_request as */*
Completed 500 Internal Server Error in 8ms (Allocations: 227)


  
LoadError (cannot load such file -- rest-client):
  
app/models/user.rb:1:in `<main>'
app/controllers/users_controller.rb:10:in `get_request'
Started GET "/search" for ::1 at 2021-02-24 17:33:13 -0800
Processing by UsersController#get_request as */*
Completed 500 Internal Server Error in 5ms (Allocations: 2255)


  
NameError (uninitialized constant User (call 'User.connection' to establish a connection)::RestClient):
  
app/models/user.rb:6:in `get_request'
app/controllers/users_controller.rb:10:in `get_request'
Started GET "/search" for ::1 at 2021-02-24 17:33:16 -0800
Processing by UsersController#get_request as */*
Completed 500 Internal Server Error in 2ms (Allocations: 1942)


  
NameError (uninitialized constant User (call 'User.connection' to establish a connection)::RestClient):
  
app/models/user.rb:6:in `get_request'
app/controllers/users_controller.rb:10:in `get_request'
Started GET "/search" for ::1 at 2021-02-25 14:02:42 -0800
  
ActiveRecord::ConnectionNotEstablished (could not connect to server: Connection refused
	Is the server running on host "localhost" (127.0.0.1) and accepting
	TCP/IP connections on port 5432?
):
  
activerecord (6.1.3) lib/active_record/connection_adapters/postgresql_adapter.rb:83:in `rescue in new_client'
activerecord (6.1.3) lib/active_record/connection_adapters/postgresql_adapter.rb:77:in `new_client'
activerecord (6.1.3) lib/active_record/connection_adapters/postgresql_adapter.rb:37:in `postgresql_connection'
activerecord (6.1.3) lib/active_record/connection_adapters/abstract/connection_pool.rb:882:in `public_send'
activerecord (6.1.3) lib/active_record/connection_adapters/abstract/connection_pool.rb:882:in `new_connection'
activerecord (6.1.3) lib/active_record/connection_adapters/abstract/connection_pool.rb:926:in `checkout_new_connection'
activerecord (6.1.3) lib/active_record/connection_adapters/abstract/connection_pool.rb:905:in `try_to_checkout_new_connection'
activerecord (6.1.3) lib/active_record/connection_adapters/abstract/connection_pool.rb:866:in `acquire_connection'
activerecord (6.1.3) lib/active_record/connection_adapters/abstract/connection_pool.rb:588:in `checkout'
activerecord (6.1.3) lib/active_record/connection_adapters/abstract/connection_pool.rb:428:in `connection'
activerecord (6.1.3) lib/active_record/connection_adapters/abstract/connection_pool.rb:1128:in `retrieve_connection'
activerecord (6.1.3) lib/active_record/connection_handling.rb:327:in `retrieve_connection'
activerecord (6.1.3) lib/active_record/connection_handling.rb:283:in `connection'
activerecord (6.1.3) lib/active_record/migration.rb:611:in `connection'
activerecord (6.1.3) lib/active_record/migration.rb:606:in `build_watcher'
activerecord (6.1.3) lib/active_record/migration.rb:588:in `block in call'
activerecord (6.1.3) lib/active_record/migration.rb:587:in `synchronize'
activerecord (6.1.3) lib/active_record/migration.rb:587:in `call'
actionpack (6.1.3) lib/action_dispatch/middleware/callbacks.rb:27:in `block in call'
activesupport (6.1.3) lib/active_support/callbacks.rb:98:in `run_callbacks'
actionpack (6.1.3) lib/action_dispatch/middleware/callbacks.rb:26:in `call'
actionpack (6.1.3) lib/action_dispatch/middleware/executor.rb:14:in `call'
actionpack (6.1.3) lib/action_dispatch/middleware/actionable_exceptions.rb:18:in `call'
actionpack (6.1.3) lib/action_dispatch/middleware/debug_exceptions.rb:29:in `call'
actionpack (6.1.3) lib/action_dispatch/middleware/show_exceptions.rb:33:in `call'
railties (6.1.3) lib/rails/rack/logger.rb:37:in `call_app'
railties (6.1.3) lib/rails/rack/logger.rb:26:in `block in call'
activesupport (6.1.3) lib/active_support/tagged_logging.rb:99:in `block in tagged'
activesupport (6.1.3) lib/active_support/tagged_logging.rb:37:in `tagged'
activesupport (6.1.3) lib/active_support/tagged_logging.rb:99:in `tagged'
railties (6.1.3) lib/rails/rack/logger.rb:26:in `call'
actionpack (6.1.3) lib/action_dispatch/middleware/remote_ip.rb:81:in `call'
actionpack (6.1.3) lib/action_dispatch/middleware/request_id.rb:26:in `call'
rack (2.2.3) lib/rack/runtime.rb:22:in `call'
activesupport (6.1.3) lib/active_support/cache/strategy/local_cache_middleware.rb:29:in `call'
actionpack (6.1.3) lib/action_dispatch/middleware/executor.rb:14:in `call'
actionpack (6.1.3) lib/action_dispatch/middleware/static.rb:24:in `call'
rack (2.2.3) lib/rack/sendfile.rb:110:in `call'
actionpack (6.1.3) lib/action_dispatch/middleware/host_authorization.rb:98:in `call'
rack-cors (1.1.1) lib/rack/cors.rb:100:in `call'
railties (6.1.3) lib/rails/engine.rb:539:in `call'
puma (5.2.1) lib/puma/configuration.rb:247:in `call'
puma (5.2.1) lib/puma/request.rb:76:in `block in handle_request'
puma (5.2.1) lib/puma/thread_pool.rb:337:in `with_force_shutdown'
puma (5.2.1) lib/puma/request.rb:75:in `handle_request'
puma (5.2.1) lib/puma/server.rb:431:in `process_client'
puma (5.2.1) lib/puma/thread_pool.rb:145:in `block in spawn_thread'
Started GET "/search" for ::1 at 2021-02-25 14:09:34 -0800
  [1m[35m (1.1ms)[0m  [1m[34mSELECT "schema_migrations"."version" FROM "schema_migrations" ORDER BY "schema_migrations"."version" ASC[0m
Processing by UsersController#get_request as */*
Completed 500 Internal Server Error in 6ms (ActiveRecord: 0.0ms | Allocations: 2464)


  
SyntaxError (/mnt/c/Users/Alex/dev/flatiron/JmodTracker/Jmod-Tracker-backend/backend/app/models/user.rb:9: syntax error, unexpected tSTRING_BEG, expecting ';' or '\n'
...  def self.get_requestrequire "webrick"
...                              ^
/mnt/c/Users/Alex/dev/flatiron/JmodTracker/Jmod-Tracker-backend/backend/app/models/user.rb:31: syntax error, unexpected end, expecting end-of-input):
  
app/models/user.rb:9: syntax error, unexpected tSTRING_BEG, expecting ';' or '\n'
app/models/user.rb:31: syntax error, unexpected end, expecting end-of-input
app/models/user.rb:9: syntax error, unexpected tSTRING_BEG, expecting ';' or '\n'
app/models/user.rb:31: syntax error, unexpected end, expecting end-of-input
app/controllers/users_controller.rb:10:in `get_request'
Started GET "/search" for ::1 at 2021-02-25 14:10:12 -0800
Processing by UsersController#get_request as */*
Completed 200 OK in 385ms (Views: 0.5ms | ActiveRecord: 0.0ms | Allocations: 36404)


Started GET "/search" for ::1 at 2021-02-25 14:23:34 -0800
Processing by UsersController#get_request as */*
Completed 200 OK in 185ms (Views: 0.2ms | Allocations: 1284)


Started GET "/search" for ::1 at 2021-02-25 14:25:48 -0800
Processing by UsersController#get_request as */*
Completed 500 Internal Server Error in 193ms (Allocations: 1247)


  
TypeError (no implicit conversion of String into Integer):
  
app/models/user.rb:32:in `[]'
app/models/user.rb:32:in `get_request'
app/controllers/users_controller.rb:10:in `get_request'
Started GET "/search" for ::1 at 2021-02-25 14:26:08 -0800
Processing by UsersController#get_request as */*
Completed 200 OK in 192ms (Views: 0.2ms | Allocations: 1287)


Started GET "/search" for ::1 at 2021-02-25 14:29:13 -0800
Processing by UsersController#get_request as */*
Completed 500 Internal Server Error in 189ms (Allocations: 1230)


  
JSON::ParserError (767: unexpected token at 'data'):
  
app/models/user.rb:31:in `get_request'
app/controllers/users_controller.rb:10:in `get_request'
Started GET "/search" for ::1 at 2021-02-25 14:29:27 -0800
Processing by UsersController#get_request as */*
Completed 200 OK in 209ms (Views: 0.1ms | Allocations: 1280)


Started GET "/search" for ::1 at 2021-02-25 14:30:20 -0800
Processing by UsersController#get_request as */*
Completed 500 Internal Server Error in 197ms (Allocations: 1246)


  
TypeError (no implicit conversion of String into Integer):
  
app/models/user.rb:32:in `[]'
app/models/user.rb:32:in `get_request'
app/controllers/users_controller.rb:10:in `get_request'
Started GET "/search" for ::1 at 2021-02-25 14:30:40 -0800
Processing by UsersController#get_request as */*
Completed 500 Internal Server Error in 1ms (Allocations: 292)


  
SyntaxError (/mnt/c/Users/Alex/dev/flatiron/JmodTracker/Jmod-Tracker-backend/backend/app/models/user.rb:33: syntax error, unexpected end-of-input, expecting end):
  
app/models/user.rb:33: syntax error, unexpected end-of-input, expecting end
app/models/user.rb:33: syntax error, unexpected end-of-input, expecting end
app/controllers/users_controller.rb:10:in `get_request'
Started GET "/search" for ::1 at 2021-02-25 14:32:12 -0800
Processing by UsersController#get_request as */*
Completed 500 Internal Server Error in 1ms (Allocations: 290)


  
SyntaxError (/mnt/c/Users/Alex/dev/flatiron/JmodTracker/Jmod-Tracker-backend/backend/app/models/user.rb:32: syntax error, unexpected end-of-input, expecting end):
  
app/models/user.rb:32: syntax error, unexpected end-of-input, expecting end
app/models/user.rb:32: syntax error, unexpected end-of-input, expecting end
app/controllers/users_controller.rb:10:in `get_request'
Started GET "/search" for ::1 at 2021-02-25 14:32:44 -0800
Processing by UsersController#get_request as */*
Completed 500 Internal Server Error in 1ms (Allocations: 290)


  
SyntaxError (/mnt/c/Users/Alex/dev/flatiron/JmodTracker/Jmod-Tracker-backend/backend/app/models/user.rb:32: syntax error, unexpected end-of-input, expecting end):
  
app/models/user.rb:32: syntax error, unexpected end-of-input, expecting end
app/models/user.rb:32: syntax error, unexpected end-of-input, expecting end
app/controllers/users_controller.rb:10:in `get_request'
Started GET "/search" for ::1 at 2021-02-25 14:32:57 -0800
Processing by UsersController#get_request as */*
Completed 500 Internal Server Error in 2ms (Allocations: 277)


  
SyntaxError (/mnt/c/Users/Alex/dev/flatiron/JmodTracker/Jmod-Tracker-backend/backend/app/models/user.rb:32: syntax error, unexpected end-of-input, expecting end):
  
app/models/user.rb:32: syntax error, unexpected end-of-input, expecting end
app/models/user.rb:32: syntax error, unexpected end-of-input, expecting end
app/controllers/users_controller.rb:10:in `get_request'
Started GET "/search" for ::1 at 2021-02-25 14:33:25 -0800
Processing by UsersController#get_request as */*
Completed 200 OK in 198ms (Views: 0.2ms | Allocations: 1283)


Started GET "/search" for ::1 at 2021-02-25 14:33:36 -0800
Processing by UsersController#get_request as */*
Completed 500 Internal Server Error in 202ms (Allocations: 2063)


  
NoMethodError (undefined method `data' for #<Hash:0x00007f7a2d26af58>):
  
app/models/user.rb:31:in `get_request'
app/controllers/users_controller.rb:10:in `get_request'
Started GET "/search" for ::1 at 2021-02-25 14:33:58 -0800
Processing by UsersController#get_request as */*
Completed 200 OK in 194ms (Views: 0.3ms | Allocations: 1271)


Started GET "/search" for ::1 at 2021-02-25 14:34:27 -0800
Processing by UsersController#get_request as */*
Completed 500 Internal Server Error in 191ms (Allocations: 1250)


  
TypeError (no implicit conversion of String into Integer):
  
app/models/user.rb:31:in `[]'
app/models/user.rb:31:in `get_request'
app/controllers/users_controller.rb:10:in `get_request'
Started GET "/search" for ::1 at 2021-02-25 14:34:44 -0800
Processing by UsersController#get_request as */*
Completed 500 Internal Server Error in 186ms (Allocations: 1243)


  
TypeError (no implicit conversion of String into Integer):
  
app/models/user.rb:31:in `[]'
app/models/user.rb:31:in `get_request'
app/controllers/users_controller.rb:10:in `get_request'
Started GET "/search" for ::1 at 2021-02-25 14:35:02 -0800
Processing by UsersController#get_request as */*
Completed 500 Internal Server Error in 193ms (Allocations: 1240)


  
TypeError (no implicit conversion of String into Integer):
  
app/models/user.rb:31:in `[]'
app/models/user.rb:31:in `get_request'
app/controllers/users_controller.rb:10:in `get_request'
Started GET "/search" for ::1 at 2021-02-25 14:35:14 -0800
Processing by UsersController#get_request as */*
Completed 500 Internal Server Error in 178ms (Allocations: 1245)


  
TypeError (no implicit conversion of String into Integer):
  
app/models/user.rb:31:in `[]'
app/models/user.rb:31:in `get_request'
app/controllers/users_controller.rb:10:in `get_request'
Started GET "/search" for ::1 at 2021-02-25 14:35:30 -0800
Processing by UsersController#get_request as */*
Completed 500 Internal Server Error in 201ms (Allocations: 1238)


  
TypeError (no implicit conversion of String into Integer):
  
app/models/user.rb:31:in `[]'
app/models/user.rb:31:in `get_request'
app/controllers/users_controller.rb:10:in `get_request'
Started GET "/search" for ::1 at 2021-02-25 14:35:46 -0800
Processing by UsersController#get_request as */*
Completed 500 Internal Server Error in 187ms (Allocations: 1245)


  
TypeError (no implicit conversion of String into Integer):
  
app/models/user.rb:31:in `[]'
app/models/user.rb:31:in `get_request'
app/controllers/users_controller.rb:10:in `get_request'
Started GET "/search" for ::1 at 2021-02-25 14:36:01 -0800
Processing by UsersController#get_request as */*
Completed 200 OK in 191ms (Views: 0.2ms | Allocations: 1273)


Started GET "/search" for ::1 at 2021-02-25 14:36:40 -0800
Processing by UsersController#get_request as */*
Completed 200 OK in 188ms (Views: 0.2ms | Allocations: 1273)


Started GET "/search" for ::1 at 2021-02-25 14:37:03 -0800
Processing by UsersController#get_request as */*
Completed 200 OK in 184ms (Views: 0.1ms | Allocations: 1237)


Started GET "/search" for ::1 at 2021-02-25 14:37:22 -0800
Processing by UsersController#get_request as */*
Completed 500 Internal Server Error in 189ms (Allocations: 1238)


  
TypeError (no implicit conversion of String into Integer):
  
app/models/user.rb:31:in `[]'
app/models/user.rb:31:in `get_request'
app/controllers/users_controller.rb:10:in `get_request'
Started GET "/search" for ::1 at 2021-02-25 14:37:43 -0800
Processing by UsersController#get_request as */*
Completed 200 OK in 213ms (Views: 0.2ms | Allocations: 1276)


Started GET "/search" for ::1 at 2021-02-25 14:38:06 -0800
Processing by UsersController#get_request as */*
Completed 200 OK in 192ms (Views: 0.1ms | Allocations: 1256)


Started GET "/search" for ::1 at 2021-02-25 14:38:26 -0800
Processing by UsersController#get_request as */*
Completed 200 OK in 186ms (Views: 0.1ms | Allocations: 1240)


Started GET "/search" for ::1 at 2021-02-25 14:38:39 -0800
Processing by UsersController#get_request as */*
Completed 200 OK in 196ms (Views: 0.2ms | Allocations: 1248)


Started GET "/search" for ::1 at 2021-02-25 14:39:08 -0800
Processing by UsersController#get_request as */*
Completed 500 Internal Server Error in 203ms (Allocations: 2108)


  
NoMethodError (undefined method `values' for "1712662364":String):
  
app/models/user.rb:31:in `get_request'
app/controllers/users_controller.rb:10:in `get_request'
Started GET "/search" for ::1 at 2021-02-25 14:40:20 -0800
Processing by UsersController#get_request as */*
Completed 200 OK in 202ms (Views: 0.1ms | Allocations: 1221)


Started GET "/search" for ::1 at 2021-02-25 17:13:31 -0800
Processing by UsersController#get_request as */*
Completed 500 Internal Server Error in 3ms (Allocations: 577)


  
ArgumentError (wrong number of arguments (given 1, expected 0)):
  
app/controllers/users_controller.rb:10:in `get_request'
Started POST "/search" for ::1 at 2021-02-25 17:17:04 -0800
  
ActionController::RoutingError (No route matches [POST] "/search"):
  
Started POST "/search" for ::1 at 2021-02-25 17:17:53 -0800
  [1m[35m (1.0ms)[0m  [1m[34mSELECT "schema_migrations"."version" FROM "schema_migrations" ORDER BY "schema_migrations"."version" ASC[0m
Processing by UsersController#get_request as JSON
  Parameters: {"name"=>"JagexAsh", "user"=>{"name"=>"JagexAsh"}}
Completed 500 Internal Server Error in 6ms (ActiveRecord: 2.4ms | Allocations: 3090)


  
ArgumentError (wrong number of arguments (given 1, expected 0)):
  
app/controllers/users_controller.rb:10:in `get_request'
Started POST "/search" for ::1 at 2021-02-25 17:18:43 -0800
Processing by UsersController#get_request as JSON
  Parameters: {"name"=>"JagexAsh", "user"=>{"name"=>"JagexAsh"}}
Completed 500 Internal Server Error in 59782ms (ActiveRecord: 1.7ms | Allocations: 63230)


  
ArgumentError (wrong number of arguments (given 1, expected 0)):
  
app/controllers/users_controller.rb:11:in `get_request'
Started POST "/search" for ::1 at 2021-02-25 17:19:54 -0800
Processing by UsersController#get_request as JSON
  Parameters: {"name"=>"JagexAsh", "user"=>{"name"=>"JagexAsh"}}
Completed 500 Internal Server Error in 7981ms (ActiveRecord: 1.3ms | Allocations: 1842)


  
ArgumentError (wrong number of arguments (given 1, expected 0)):
  
app/controllers/users_controller.rb:11:in `get_request'
Started POST "/search" for ::1 at 2021-02-25 17:22:13 -0800
  [1m[35m (0.5ms)[0m  [1m[34mSELECT "schema_migrations"."version" FROM "schema_migrations" ORDER BY "schema_migrations"."version" ASC[0m
Processing by UsersController#get_request as JSON
  Parameters: {"name"=>"JagexAsh", "user"=>{"name"=>"JagexAsh"}}
Completed 500 Internal Server Error in 5158ms (ActiveRecord: 1.5ms | Allocations: 37919)


  
ArgumentError (not an HTTP URI):
  
app/models/user.rb:17:in `new'
app/models/user.rb:17:in `get_id'
app/controllers/users_controller.rb:11:in `get_request'
Started POST "/search" for ::1 at 2021-02-25 17:24:40 -0800
  [1m[35m (0.5ms)[0m  [1m[34mSELECT "schema_migrations"."version" FROM "schema_migrations" ORDER BY "schema_migrations"."version" ASC[0m
Processing by UsersController#get_request as JSON
  Parameters: {"name"=>"JagexAsh", "user"=>{"name"=>"JagexAsh"}}
Completed 500 Internal Server Error in 53467ms (ActiveRecord: 1.4ms | Allocations: 38213)


  
ArgumentError (not an HTTP URI):
  
app/models/user.rb:17:in `new'
app/models/user.rb:17:in `get_id'
app/controllers/users_controller.rb:11:in `get_request'
Started POST "/search" for ::1 at 2021-02-25 17:26:56 -0800
  [1m[35m (0.5ms)[0m  [1m[34mSELECT "schema_migrations"."version" FROM "schema_migrations" ORDER BY "schema_migrations"."version" ASC[0m
Processing by UsersController#get_request as JSON
  Parameters: {"name"=>"JagexAsh", "user"=>{"name"=>"JagexAsh"}}
Completed 500 Internal Server Error in 20061ms (ActiveRecord: 1.4ms | Allocations: 42293)


  
ArgumentError (not an HTTP URI):
  
app/models/user.rb:41:in `new'
app/models/user.rb:41:in `get_tweets'
app/controllers/users_controller.rb:13:in `get_request'
Started POST "/search" for ::1 at 2021-02-25 17:27:30 -0800
  [1m[35m (0.9ms)[0m  [1m[34mSELECT "schema_migrations"."version" FROM "schema_migrations" ORDER BY "schema_migrations"."version" ASC[0m
Processing by UsersController#get_request as JSON
  Parameters: {"name"=>"JagexAsh", "user"=>{"name"=>"JagexAsh"}}
Completed 500 Internal Server Error in 4744ms (ActiveRecord: 1.4ms | Allocations: 40401)


  
URI::InvalidURIError (bad URI(is not URI?): "https://api.twitter.com/2/users/{\"data\"=>[{\"id\"=>\"1712662364\", \"name\"=>\"Mod Ash\", \"username\"=>\"JagexAsh\"}]}/tweets?tweet.fields=created_at&expansions=author_id&user.fields=created_at&max_results=10"):
  
app/models/user.rb:40:in `get_tweets'
app/controllers/users_controller.rb:13:in `get_request'
Started POST "/search" for ::1 at 2021-02-25 17:28:28 -0800
Processing by UsersController#get_request as JSON
  Parameters: {"name"=>"JagexAsh", "user"=>{"name"=>"JagexAsh"}}
Completed 500 Internal Server Error in 4106ms (ActiveRecord: 1.8ms | Allocations: 4381)


  
TypeError (no implicit conversion of String into Integer):
  
app/controllers/users_controller.rb:13:in `[]'
app/controllers/users_controller.rb:13:in `get_request'
Started POST "/search" for ::1 at 2021-02-25 17:29:02 -0800
Processing by UsersController#get_request as JSON
  Parameters: {"name"=>"JagexAsh", "user"=>{"name"=>"JagexAsh"}}
Completed 500 Internal Server Error in 145623ms (ActiveRecord: 0.0ms | Allocations: 7143)


  
TypeError (no implicit conversion of String into Integer):
  
app/controllers/users_controller.rb:13:in `[]'
app/controllers/users_controller.rb:13:in `get_request'
Started POST "/search" for ::1 at 2021-02-25 17:31:40 -0800
  [1m[35m (0.4ms)[0m  [1m[34mSELECT "schema_migrations"."version" FROM "schema_migrations" ORDER BY "schema_migrations"."version" ASC[0m
Processing by UsersController#get_request as JSON
  Parameters: {"name"=>"JagexAsh", "user"=>{"name"=>"JagexAsh"}}
Completed 200 OK in 8316ms (Views: 0.4ms | ActiveRecord: 1.2ms | Allocations: 42058)


Started POST "/search" for ::1 at 2021-02-25 17:32:12 -0800
Processing by UsersController#get_request as JSON
  Parameters: {"name"=>"JagexRamen", "user"=>{"name"=>"JagexRamen"}}
Completed 200 OK in 4589ms (Views: 0.3ms | ActiveRecord: 0.0ms | Allocations: 5932)


Started POST "/search" for ::1 at 2021-02-25 17:32:41 -0800
Processing by UsersController#get_request as JSON
  Parameters: {"name"=>"JagexRamen", "user"=>{"name"=>"JagexRamen"}}
Completed 200 OK in 442ms (Views: 1.0ms | ActiveRecord: 1.8ms | Allocations: 2309)


Started POST "/search" for ::1 at 2021-02-26 09:27:20 -0800
  [1m[35m (1.0ms)[0m  [1m[34mSELECT "schema_migrations"."version" FROM "schema_migrations" ORDER BY "schema_migrations"."version" ASC[0m
Processing by UsersController#get_request as JSON
  Parameters: {"name"=>"JagexRamen", "user"=>{"name"=>"JagexRamen"}}
Completed 200 OK in 485ms (Views: 0.4ms | ActiveRecord: 1.5ms | Allocations: 5359)


Started POST "/search" for ::1 at 2021-02-26 09:31:26 -0800
Processing by UsersController#get_request as JSON
  Parameters: {"name"=>"JagexRamen", "user"=>{"name"=>"JagexRamen"}}
Completed 200 OK in 484ms (Views: 0.3ms | ActiveRecord: 1.5ms | Allocations: 2297)


  [1m[35m (0.8ms)[0m  [1m[34mSELECT "schema_migrations"."version" FROM "schema_migrations" ORDER BY "schema_migrations"."version" ASC[0m
  [1m[35m (1.3ms)[0m  [1m[34mSELECT "ar_internal_metadata"."value" FROM "ar_internal_metadata" WHERE "ar_internal_metadata"."key" = $1[0m  [["key", "environment"]]
  [1m[35m (0.2ms)[0m  [1m[34mSELECT "schema_migrations"."version" FROM "schema_migrations" ORDER BY "schema_migrations"."version" ASC[0m
  [1m[35m (0.2ms)[0m  [1m[34mSELECT "ar_internal_metadata"."value" FROM "ar_internal_metadata" WHERE "ar_internal_metadata"."key" = $1[0m  [["key", "environment"]]
  [1m[35m (0.2ms)[0m  [1m[34mSELECT "schema_migrations"."version" FROM "schema_migrations" ORDER BY "schema_migrations"."version" ASC[0m
  [1m[35m (0.2ms)[0m  [1m[34mSELECT "ar_internal_metadata"."value" FROM "ar_internal_metadata" WHERE "ar_internal_metadata"."key" = $1[0m  [["key", "environment"]]
  [1m[35m (89.6ms)[0m  [1m[35mDROP DATABASE IF EXISTS "project_backend_development"[0m
  [1m[35m (80.5ms)[0m  [1m[35mDROP DATABASE IF EXISTS "project_backend_test"[0m
  [1m[35m (483.7ms)[0m  [1m[35mCREATE DATABASE "project_backend_development" ENCODING = 'unicode'[0m
  [1m[35m (397.2ms)[0m  [1m[35mCREATE DATABASE "project_backend_test" ENCODING = 'unicode'[0m
  [1m[35m (11.7ms)[0m  [1m[35mCREATE TABLE "schema_migrations" ("version" character varying NOT NULL PRIMARY KEY)[0m
  [1m[35m (4.8ms)[0m  [1m[35mCREATE TABLE "ar_internal_metadata" ("key" character varying NOT NULL PRIMARY KEY, "value" character varying, "created_at" timestamp(6) NOT NULL, "updated_at" timestamp(6) NOT NULL)[0m
  [1m[35m (0.3ms)[0m  [1m[34mSELECT pg_try_advisory_lock(5831472875260309725)[0m
  [1m[35m (0.5ms)[0m  [1m[34mSELECT "schema_migrations"."version" FROM "schema_migrations" ORDER BY "schema_migrations"."version" ASC[0m
Migrating to CreateUsers (20210225003103)
  [1m[36mTRANSACTION (0.2ms)[0m  [1m[35mBEGIN[0m
  [1m[35m (6.5ms)[0m  [1m[35mCREATE TABLE "users" ("id" bigserial primary key, "name" character varying, "created_at" timestamp(6) NOT NULL, "updated_at" timestamp(6) NOT NULL)[0m
  [1m[36mActiveRecord::SchemaMigration Create (0.9ms)[0m  [1m[32mINSERT INTO "schema_migrations" ("version") VALUES ($1) RETURNING "version"[0m  [["version", "20210225003103"]]
  [1m[36mTRANSACTION (0.3ms)[0m  [1m[35mCOMMIT[0m
Migrating to CreateSearches (20210226181801)
  [1m[36mTRANSACTION (0.3ms)[0m  [1m[35mBEGIN[0m
  [1m[35m (3.7ms)[0m  [1m[35mCREATE TABLE "searches" ("id" bigserial primary key, "created_at" timestamp(6) NOT NULL, "updated_at" timestamp(6) NOT NULL)[0m
  [1m[36mActiveRecord::SchemaMigration Create (0.3ms)[0m  [1m[32mINSERT INTO "schema_migrations" ("version") VALUES ($1) RETURNING "version"[0m  [["version", "20210226181801"]]
  [1m[36mTRANSACTION (0.4ms)[0m  [1m[35mCOMMIT[0m
  [1m[36mActiveRecord::InternalMetadata Load (0.6ms)[0m  [1m[34mSELECT "ar_internal_metadata".* FROM "ar_internal_metadata" WHERE "ar_internal_metadata"."key" = $1 LIMIT $2[0m  [["key", "environment"], ["LIMIT", 1]]
  [1m[36mTRANSACTION (0.2ms)[0m  [1m[35mBEGIN[0m
  [1m[36mActiveRecord::InternalMetadata Create (1.3ms)[0m  [1m[32mINSERT INTO "ar_internal_metadata" ("key", "value", "created_at", "updated_at") VALUES ($1, $2, $3, $4) RETURNING "key"[0m  [["key", "environment"], ["value", "development"], ["created_at", "2021-02-26 18:29:39.515793"], ["updated_at", "2021-02-26 18:29:39.515793"]]
  [1m[36mTRANSACTION (0.3ms)[0m  [1m[35mCOMMIT[0m
  [1m[35m (0.3ms)[0m  [1m[34mSELECT pg_advisory_unlock(5831472875260309725)[0m
  [1m[35m (0.6ms)[0m  [1m[34mSELECT "schema_migrations"."version" FROM "schema_migrations" ORDER BY "schema_migrations"."version" ASC[0m
Started POST "/search" for ::1 at 2021-02-26 10:34:38 -0800
  [1m[35m (0.7ms)[0m  [1m[34mSELECT "schema_migrations"."version" FROM "schema_migrations" ORDER BY "schema_migrations"."version" ASC[0m
Processing by SearchesController#get_request as JSON
  Parameters: {"name"=>"JagexRamen", "search"=>{}}
[active_model_serializers] Rendered ActiveModel::Serializer::Null with Hash (0.35ms)
Filter chain halted as :authorized rendered or redirected
Completed 401 Unauthorized in 3ms (Views: 3.2ms | ActiveRecord: 1.3ms | Allocations: 692)


Started POST "/search" for ::1 at 2021-02-26 13:40:23 -0800
Processing by SearchesController#get_request as JSON
  Parameters: {"name"=>"JagexAsh", "search"=>{}}
[active_model_serializers] Rendered ActiveModel::Serializer::Null with Hash (0.51ms)
Filter chain halted as :authorized rendered or redirected
Completed 401 Unauthorized in 2ms (Views: 1.5ms | ActiveRecord: 19.3ms | Allocations: 328)


Started POST "//api/v1/users/" for ::1 at 2021-02-26 14:48:05 -0800
Processing by Api::V1::UsersController#create as JSON
  Parameters: {"user"=>{"username"=>"alex", "password"=>"[FILTERED]"}}
Completed 500 Internal Server Error in 103ms (ActiveRecord: 34.5ms | Allocations: 7226)


  
ActiveModel::UnknownAttributeError (unknown attribute 'username' for User.):
  
app/controllers/api/v1/users_controller.rb:11:in `create'
Started POST "//api/v1/users/" for ::1 at 2021-02-26 14:59:57 -0800
Processing by Api::V1::UsersController#create as JSON
  Parameters: {"user"=>{"username"=>"alex", "password"=>"[FILTERED]"}}
Completed 500 Internal Server Error in 0ms (Allocations: 193)


  
ActiveModel::UnknownAttributeError (unknown attribute 'username' for User.):
  
app/controllers/api/v1/users_controller.rb:11:in `create'
Started POST "//api/v1/users/" for ::1 at 2021-02-26 15:02:16 -0800
Processing by Api::V1::UsersController#create as JSON
  Parameters: {"user"=>{"username"=>"alex", "password"=>"[FILTERED]"}}
Completed 500 Internal Server Error in 0ms (Allocations: 193)


  
ActiveModel::UnknownAttributeError (unknown attribute 'username' for User.):
  
app/controllers/api/v1/users_controller.rb:11:in `create'
Started POST "/api/v1/users/" for ::1 at 2021-02-26 15:02:58 -0800
Processing by Api::V1::UsersController#create as JSON
  Parameters: {"user"=>{"username"=>"alex", "password"=>"[FILTERED]"}}
Completed 500 Internal Server Error in 0ms (Allocations: 186)


  
ActiveModel::UnknownAttributeError (unknown attribute 'username' for User.):
  
app/controllers/api/v1/users_controller.rb:11:in `create'
Started POST "/api/v1/users/" for ::1 at 2021-02-26 15:04:01 -0800
Processing by Api::V1::UsersController#create as JSON
  Parameters: {"user"=>{"username"=>"alex", "password"=>"[FILTERED]"}}
Completed 500 Internal Server Error in 0ms (Allocations: 185)


  
ActiveModel::UnknownAttributeError (unknown attribute 'username' for User.):
  
app/controllers/api/v1/users_controller.rb:11:in `create'
Started POST "/api/v1/users/" for ::1 at 2021-02-26 15:05:32 -0800
Processing by Api::V1::UsersController#create as JSON
  Parameters: {"user"=>{"username"=>"alex", "password"=>"[FILTERED]"}}
Completed 500 Internal Server Error in 27350ms (ActiveRecord: 4.7ms | Allocations: 39885)


  
ActiveModel::UnknownAttributeError (unknown attribute 'username' for User.):
  
app/controllers/api/v1/users_controller.rb:12:in `create'
  [1m[35m (1.6ms)[0m  [1m[34mSELECT "schema_migrations"."version" FROM "schema_migrations" ORDER BY "schema_migrations"."version" ASC[0m
  [1m[35m (0.2ms)[0m  [1m[34mSELECT "schema_migrations"."version" FROM "schema_migrations" ORDER BY "schema_migrations"."version" ASC[0m
  [1m[35m (0.1ms)[0m  [1m[34mSELECT "schema_migrations"."version" FROM "schema_migrations" ORDER BY "schema_migrations"."version" ASC[0m
  [1m[35m (0.5ms)[0m  [1m[34mSELECT pg_try_advisory_lock(5831472875260309725)[0m
  [1m[35m (0.2ms)[0m  [1m[34mSELECT "schema_migrations"."version" FROM "schema_migrations" ORDER BY "schema_migrations"."version" ASC[0m
Migrating to CreateSearches (20210226181801)
  [1m[36mTRANSACTION (0.6ms)[0m  [1m[35mBEGIN[0m
  [1m[35m (21.1ms)[0m  [1m[35mDROP TABLE "searches"[0m
  [1m[36mActiveRecord::SchemaMigration Destroy (3.6ms)[0m  [1m[31mDELETE FROM "schema_migrations" WHERE "schema_migrations"."version" = $1[0m  [["version", "20210226181801"]]
  [1m[36mTRANSACTION (7.3ms)[0m  [1m[35mCOMMIT[0m
  [1m[35m (0.9ms)[0m  [1m[34mSELECT pg_advisory_unlock(5831472875260309725)[0m
  [1m[35m (0.8ms)[0m  [1m[34mSELECT "schema_migrations"."version" FROM "schema_migrations" ORDER BY "schema_migrations"."version" ASC[0m
  [1m[35m (0.6ms)[0m  [1m[34mSELECT "schema_migrations"."version" FROM "schema_migrations" ORDER BY "schema_migrations"."version" ASC[0m
  [1m[35m (0.4ms)[0m  [1m[34mSELECT "schema_migrations"."version" FROM "schema_migrations" ORDER BY "schema_migrations"."version" ASC[0m
  [1m[35m (0.3ms)[0m  [1m[34mSELECT "schema_migrations"."version" FROM "schema_migrations" ORDER BY "schema_migrations"."version" ASC[0m
  [1m[35m (0.1ms)[0m  [1m[34mSELECT pg_try_advisory_lock(5831472875260309725)[0m
  [1m[35m (0.3ms)[0m  [1m[34mSELECT "schema_migrations"."version" FROM "schema_migrations" ORDER BY "schema_migrations"."version" ASC[0m
Migrating to CreateUsers (20210225003103)
  [1m[36mTRANSACTION (0.2ms)[0m  [1m[35mBEGIN[0m
  [1m[35m (11.2ms)[0m  [1m[35mDROP TABLE "users"[0m
  [1m[36mActiveRecord::SchemaMigration Destroy (0.7ms)[0m  [1m[31mDELETE FROM "schema_migrations" WHERE "schema_migrations"."version" = $1[0m  [["version", "20210225003103"]]
  [1m[36mTRANSACTION (4.2ms)[0m  [1m[35mCOMMIT[0m
  [1m[35m (0.3ms)[0m  [1m[34mSELECT pg_advisory_unlock(5831472875260309725)[0m
  [1m[35m (0.9ms)[0m  [1m[34mSELECT "schema_migrations"."version" FROM "schema_migrations" ORDER BY "schema_migrations"."version" ASC[0m
  [1m[35m (0.1ms)[0m  [1m[34mSELECT pg_try_advisory_lock(5831472875260309725)[0m
  [1m[35m (0.6ms)[0m  [1m[34mSELECT "schema_migrations"."version" FROM "schema_migrations" ORDER BY "schema_migrations"."version" ASC[0m
Migrating to CreateUsers (20210225003103)
  [1m[36mTRANSACTION (0.3ms)[0m  [1m[35mBEGIN[0m
  [1m[35m (16.9ms)[0m  [1m[35mCREATE TABLE "users" ("id" bigserial primary key, "username" character varying, "created_at" timestamp(6) NOT NULL, "updated_at" timestamp(6) NOT NULL)[0m
  [1m[36mActiveRecord::SchemaMigration Create (1.0ms)[0m  [1m[32mINSERT INTO "schema_migrations" ("version") VALUES ($1) RETURNING "version"[0m  [["version", "20210225003103"]]
  [1m[36mTRANSACTION (1.0ms)[0m  [1m[35mCOMMIT[0m
Migrating to CreateSearches (20210226181801)
  [1m[36mTRANSACTION (0.3ms)[0m  [1m[35mBEGIN[0m
  [1m[35m (4.1ms)[0m  [1m[35mCREATE TABLE "searches" ("id" bigserial primary key, "created_at" timestamp(6) NOT NULL, "updated_at" timestamp(6) NOT NULL)[0m
  [1m[36mActiveRecord::SchemaMigration Create (0.3ms)[0m  [1m[32mINSERT INTO "schema_migrations" ("version") VALUES ($1) RETURNING "version"[0m  [["version", "20210226181801"]]
  [1m[36mTRANSACTION (0.2ms)[0m  [1m[35mCOMMIT[0m
  [1m[36mActiveRecord::InternalMetadata Load (1.5ms)[0m  [1m[34mSELECT "ar_internal_metadata".* FROM "ar_internal_metadata" WHERE "ar_internal_metadata"."key" = $1 LIMIT $2[0m  [["key", "environment"], ["LIMIT", 1]]
  [1m[35m (0.3ms)[0m  [1m[34mSELECT pg_advisory_unlock(5831472875260309725)[0m
  [1m[35m (0.8ms)[0m  [1m[34mSELECT "schema_migrations"."version" FROM "schema_migrations" ORDER BY "schema_migrations"."version" ASC[0m
Started POST "/api/v1/users/" for ::1 at 2021-02-26 15:08:27 -0800
  [1m[35m (0.9ms)[0m  [1m[34mSELECT "schema_migrations"."version" FROM "schema_migrations" ORDER BY "schema_migrations"."version" ASC[0m
Processing by Api::V1::UsersController#create as JSON
  Parameters: {"user"=>{"username"=>"alex", "password"=>"[FILTERED]"}}
Completed 500 Internal Server Error in 3536ms (ActiveRecord: 2.8ms | Allocations: 42547)


  
NoMethodError (undefined method `password_digest=' for #<User:0x00007ff5d97126a0>
Did you mean?  password=):
  
app/controllers/api/v1/users_controller.rb:12:in `create'
  [1m[35m (0.7ms)[0m  [1m[34mSELECT "schema_migrations"."version" FROM "schema_migrations" ORDER BY "schema_migrations"."version" ASC[0m
  [1m[35m (0.2ms)[0m  [1m[34mSELECT "schema_migrations"."version" FROM "schema_migrations" ORDER BY "schema_migrations"."version" ASC[0m
  [1m[35m (0.1ms)[0m  [1m[34mSELECT "schema_migrations"."version" FROM "schema_migrations" ORDER BY "schema_migrations"."version" ASC[0m
  [1m[35m (0.2ms)[0m  [1m[34mSELECT pg_try_advisory_lock(5831472875260309725)[0m
  [1m[35m (0.2ms)[0m  [1m[34mSELECT "schema_migrations"."version" FROM "schema_migrations" ORDER BY "schema_migrations"."version" ASC[0m
Migrating to CreateSearches (20210226181801)
  [1m[36mTRANSACTION (0.2ms)[0m  [1m[35mBEGIN[0m
  [1m[35m (10.6ms)[0m  [1m[35mDROP TABLE "searches"[0m
  [1m[36mActiveRecord::SchemaMigration Destroy (1.0ms)[0m  [1m[31mDELETE FROM "schema_migrations" WHERE "schema_migrations"."version" = $1[0m  [["version", "20210226181801"]]
  [1m[36mTRANSACTION (2.0ms)[0m  [1m[35mCOMMIT[0m
  [1m[35m (0.3ms)[0m  [1m[34mSELECT pg_advisory_unlock(5831472875260309725)[0m
  [1m[35m (0.7ms)[0m  [1m[34mSELECT "schema_migrations"."version" FROM "schema_migrations" ORDER BY "schema_migrations"."version" ASC[0m
  [1m[35m (0.6ms)[0m  [1m[34mSELECT "schema_migrations"."version" FROM "schema_migrations" ORDER BY "schema_migrations"."version" ASC[0m
  [1m[35m (0.2ms)[0m  [1m[34mSELECT "schema_migrations"."version" FROM "schema_migrations" ORDER BY "schema_migrations"."version" ASC[0m
  [1m[35m (0.2ms)[0m  [1m[34mSELECT "schema_migrations"."version" FROM "schema_migrations" ORDER BY "schema_migrations"."version" ASC[0m
  [1m[35m (0.2ms)[0m  [1m[34mSELECT pg_try_advisory_lock(5831472875260309725)[0m
  [1m[35m (0.2ms)[0m  [1m[34mSELECT "schema_migrations"."version" FROM "schema_migrations" ORDER BY "schema_migrations"."version" ASC[0m
Migrating to CreateUsers (20210225003103)
  [1m[36mTRANSACTION (0.1ms)[0m  [1m[35mBEGIN[0m
  [1m[35m (13.2ms)[0m  [1m[35mDROP TABLE "users"[0m
  [1m[36mActiveRecord::SchemaMigration Destroy (1.0ms)[0m  [1m[31mDELETE FROM "schema_migrations" WHERE "schema_migrations"."version" = $1[0m  [["version", "20210225003103"]]
  [1m[36mTRANSACTION (1.7ms)[0m  [1m[35mCOMMIT[0m
  [1m[35m (0.3ms)[0m  [1m[34mSELECT pg_advisory_unlock(5831472875260309725)[0m
  [1m[35m (0.6ms)[0m  [1m[34mSELECT "schema_migrations"."version" FROM "schema_migrations" ORDER BY "schema_migrations"."version" ASC[0m
  [1m[35m (0.3ms)[0m  [1m[34mSELECT pg_try_advisory_lock(5831472875260309725)[0m
  [1m[35m (0.6ms)[0m  [1m[34mSELECT "schema_migrations"."version" FROM "schema_migrations" ORDER BY "schema_migrations"."version" ASC[0m
Migrating to CreateUsers (20210225003103)
  [1m[36mTRANSACTION (0.2ms)[0m  [1m[35mBEGIN[0m
  [1m[35m (7.7ms)[0m  [1m[35mCREATE TABLE "users" ("id" bigserial primary key, "username" character varying, "password_digest" character varying, "created_at" timestamp(6) NOT NULL, "updated_at" timestamp(6) NOT NULL)[0m
  [1m[36mActiveRecord::SchemaMigration Create (0.4ms)[0m  [1m[32mINSERT INTO "schema_migrations" ("version") VALUES ($1) RETURNING "version"[0m  [["version", "20210225003103"]]
  [1m[36mTRANSACTION (0.5ms)[0m  [1m[35mCOMMIT[0m
Migrating to CreateSearches (20210226181801)
  [1m[36mTRANSACTION (0.3ms)[0m  [1m[35mBEGIN[0m
  [1m[35m (3.7ms)[0m  [1m[35mCREATE TABLE "searches" ("id" bigserial primary key, "created_at" timestamp(6) NOT NULL, "updated_at" timestamp(6) NOT NULL)[0m
  [1m[36mActiveRecord::SchemaMigration Create (0.5ms)[0m  [1m[32mINSERT INTO "schema_migrations" ("version") VALUES ($1) RETURNING "version"[0m  [["version", "20210226181801"]]
  [1m[36mTRANSACTION (0.4ms)[0m  [1m[35mCOMMIT[0m
  [1m[36mActiveRecord::InternalMetadata Load (0.6ms)[0m  [1m[34mSELECT "ar_internal_metadata".* FROM "ar_internal_metadata" WHERE "ar_internal_metadata"."key" = $1 LIMIT $2[0m  [["key", "environment"], ["LIMIT", 1]]
  [1m[35m (0.6ms)[0m  [1m[34mSELECT pg_advisory_unlock(5831472875260309725)[0m
  [1m[35m (0.6ms)[0m  [1m[34mSELECT "schema_migrations"."version" FROM "schema_migrations" ORDER BY "schema_migrations"."version" ASC[0m
Started POST "/api/v1/users/" for ::1 at 2021-02-26 15:10:20 -0800
  [1m[35m (0.7ms)[0m  [1m[34mSELECT "schema_migrations"."version" FROM "schema_migrations" ORDER BY "schema_migrations"."version" ASC[0m
Processing by Api::V1::UsersController#create as JSON
  Parameters: {"user"=>{"username"=>"alex", "password"=>"[FILTERED]"}}
  [1m[36mTRANSACTION (0.3ms)[0m  [1m[35mBEGIN[0m
  ↳ app/controllers/api/v1/users_controller.rb:12:in `create'
  [1m[36mUser Create (1.4ms)[0m  [1m[32mINSERT INTO "users" ("username", "password_digest", "created_at", "updated_at") VALUES ($1, $2, $3, $4) RETURNING "id"[0m  [["username", "alex"], ["password_digest", "$2a$12$BMVZEKdYmoOgGnL9/ozyneNFBp7jI/.WLsjGHI3XzAcfanpmVSRgK"], ["created_at", "2021-02-26 23:10:24.158882"], ["updated_at", "2021-02-26 23:10:24.158882"]]
  ↳ app/controllers/api/v1/users_controller.rb:12:in `create'
  [1m[36mTRANSACTION (0.3ms)[0m  [1m[35mCOMMIT[0m
  ↳ app/controllers/api/v1/users_controller.rb:12:in `create'
[active_model_serializers] Rendered ActiveModel::Serializer::Null with Hash (14.78ms)
Completed 201 Created in 3763ms (Views: 16.9ms | ActiveRecord: 5.1ms | Allocations: 46344)


Started POST "//api/v1/login" for ::1 at 2021-02-26 15:11:52 -0800
Processing by Api::V1::AuthController#create as JSON
  Parameters: {"user"=>{"username"=>"alex", "password"=>"[FILTERED]"}, "auth"=>{"user"=>{"username"=>"alex", "password"=>"[FILTERED]"}}}
  [1m[36mUser Load (0.2ms)[0m  [1m[34mSELECT "users".* FROM "users" WHERE "users"."username" = $1 LIMIT $2[0m  [["username", "alex"], ["LIMIT", 1]]
  ↳ app/controllers/api/v1/auth_controller.rb:5:in `create'
[active_model_serializers] Rendered ActiveModel::Serializer::Null with Hash (0.1ms)
Completed 202 Accepted in 186ms (Views: 0.5ms | ActiveRecord: 0.4ms | Allocations: 1376)


Started GET "/api/v1/profile" for ::1 at 2021-02-26 15:11:52 -0800
Processing by Api::V1::UsersController#profile as */*
  [1m[36mUser Load (0.2ms)[0m  [1m[34mSELECT "users".* FROM "users" WHERE "users"."id" = $1 LIMIT $2[0m  [["id", 1], ["LIMIT", 1]]
  ↳ app/controllers/application_controller.rb:29:in `current_user'
  [1m[36mCACHE User Load (0.0ms)[0m  [1m[34mSELECT "users".* FROM "users" WHERE "users"."id" = $1 LIMIT $2[0m  [["id", 1], ["LIMIT", 1]]
  ↳ app/controllers/application_controller.rb:29:in `current_user'
  [1m[36mCACHE User Load (0.0ms)[0m  [1m[34mSELECT "users".* FROM "users" WHERE "users"."id" = $1 LIMIT $2[0m  [["id", 1], ["LIMIT", 1]]
  ↳ app/controllers/application_controller.rb:29:in `current_user'
  [1m[36mCACHE User Load (0.0ms)[0m  [1m[34mSELECT "users".* FROM "users" WHERE "users"."id" = $1 LIMIT $2[0m  [["id", 1], ["LIMIT", 1]]
  ↳ app/controllers/application_controller.rb:29:in `current_user'
[active_model_serializers] Rendered ActiveModel::Serializer::Null with Hash (0.09ms)
Completed 202 Accepted in 4ms (Views: 1.0ms | ActiveRecord: 0.2ms | Allocations: 2690)


Started POST "//api/v1/login" for ::1 at 2021-02-26 15:12:52 -0800
Processing by Api::V1::AuthController#create as JSON
  Parameters: {"user"=>{"username"=>"alex", "password"=>"[FILTERED]"}, "auth"=>{"user"=>{"username"=>"alex", "password"=>"[FILTERED]"}}}
  [1m[36mUser Load (0.3ms)[0m  [1m[34mSELECT "users".* FROM "users" WHERE "users"."username" = $1 LIMIT $2[0m  [["username", "alex"], ["LIMIT", 1]]
  ↳ app/controllers/api/v1/auth_controller.rb:5:in `create'
[active_model_serializers] Rendered ActiveModel::Serializer::Null with Hash (0.11ms)
Completed 202 Accepted in 184ms (Views: 0.6ms | ActiveRecord: 0.3ms | Allocations: 870)


Started GET "/api/v1/profile" for ::1 at 2021-02-26 15:12:52 -0800
Processing by Api::V1::UsersController#profile as */*
  [1m[36mUser Load (0.7ms)[0m  [1m[34mSELECT "users".* FROM "users" WHERE "users"."id" = $1 LIMIT $2[0m  [["id", 1], ["LIMIT", 1]]
  ↳ app/controllers/application_controller.rb:29:in `current_user'
  [1m[36mCACHE User Load (0.0ms)[0m  [1m[34mSELECT "users".* FROM "users" WHERE "users"."id" = $1 LIMIT $2[0m  [["id", 1], ["LIMIT", 1]]
  ↳ app/controllers/application_controller.rb:29:in `current_user'
  [1m[36mCACHE User Load (0.0ms)[0m  [1m[34mSELECT "users".* FROM "users" WHERE "users"."id" = $1 LIMIT $2[0m  [["id", 1], ["LIMIT", 1]]
  ↳ app/controllers/application_controller.rb:29:in `current_user'
  [1m[36mCACHE User Load (0.0ms)[0m  [1m[34mSELECT "users".* FROM "users" WHERE "users"."id" = $1 LIMIT $2[0m  [["id", 1], ["LIMIT", 1]]
  ↳ app/controllers/application_controller.rb:29:in `current_user'
[active_model_serializers] Rendered ActiveModel::Serializer::Null with Hash (0.19ms)
Completed 202 Accepted in 10ms (Views: 2.8ms | ActiveRecord: 0.8ms | Allocations: 2589)


Started POST "/api/v1/users/" for ::1 at 2021-02-26 15:13:05 -0800
Processing by Api::V1::UsersController#create as JSON
  Parameters: {"user"=>{"username"=>"alex", "password"=>"[FILTERED]"}}
Started POST "//api/v1/login" for ::1 at 2021-02-26 15:13:43 -0800
Started POST "/api/v1/users/" for ::1 at 2021-02-26 15:13:43 -0800
Started POST "//api/v1/login" for ::1 at 2021-02-26 15:13:43 -0800
  [1m[36mTRANSACTION (0.8ms)[0m  [1m[35mBEGIN[0m
  ↳ app/controllers/api/v1/users_controller.rb:12:in `create'
Processing by Api::V1::UsersController#create as JSON
Processing by Api::V1::AuthController#create as JSON
Processing by Api::V1::AuthController#create as JSON
  [1m[36mUser Create (1.1ms)[0m  [1m[32mINSERT INTO "users" ("username", "password_digest", "created_at", "updated_at") VALUES ($1, $2, $3, $4) RETURNING "id"[0m  [["username", "alex"], ["password_digest", "$2a$12$cMLkCjW.uIMpkH424DtZxONcWLElslhCTZy6WNUfe3V/lbXUiAZD."], ["created_at", "2021-02-26 23:13:43.937803"], ["updated_at", "2021-02-26 23:13:43.937803"]]
  Parameters: {"user"=>{"username"=>"alex", "password"=>"[FILTERED]"}, "auth"=>{"user"=>{"username"=>"alex", "password"=>"[FILTERED]"}}}
  Parameters: {"user"=>{"username"=>"alex2", "password"=>"[FILTERED]"}, "auth"=>{"user"=>{"username"=>"alex2", "password"=>"[FILTERED]"}}}
  Parameters: {"user"=>{"username"=>"alex2", "password"=>"[FILTERED]"}}
  ↳ app/controllers/api/v1/users_controller.rb:12:in `create'
  [1m[36mTRANSACTION (1666.1ms)[0m  [1m[35mCOMMIT[0m
  ↳ app/controllers/api/v1/users_controller.rb:12:in `create'
[active_model_serializers] Rendered ActiveModel::Serializer::Null with Hash (0.11ms)
Completed 201 Created in 39616ms (Views: 1.0ms | ActiveRecord: 1668.0ms | Allocations: 21134)


Completed   in 1672ms (ActiveRecord: 1.5ms | Allocations: 15649)


Completed   in 1672ms (ActiveRecord: 1.9ms | Allocations: 15270)


Completed   in 1710ms (ActiveRecord: 0.0ms | Allocations: 15039)


Started POST "/api/v1/users/" for ::1 at 2021-02-26 15:16:37 -0800
  [1m[35m (0.7ms)[0m  [1m[34mSELECT "schema_migrations"."version" FROM "schema_migrations" ORDER BY "schema_migrations"."version" ASC[0m
Processing by Api::V1::UsersController#create as JSON
  Parameters: {"user"=>{"username"=>"alex2", "password"=>"[FILTERED]"}}
  [1m[36mTRANSACTION (0.2ms)[0m  [1m[35mBEGIN[0m
  ↳ app/controllers/api/v1/users_controller.rb:11:in `create'
  [1m[36mUser Create (0.7ms)[0m  [1m[32mINSERT INTO "users" ("username", "password_digest", "created_at", "updated_at") VALUES ($1, $2, $3, $4) RETURNING "id"[0m  [["username", "alex2"], ["password_digest", "$2a$12$SvCRdJaDcS4xq6PmHPcp2.4KwjAUN2MxkaIyJUIidJV33oH/2DqYC"], ["created_at", "2021-02-26 23:16:37.706382"], ["updated_at", "2021-02-26 23:16:37.706382"]]
  ↳ app/controllers/api/v1/users_controller.rb:11:in `create'
  [1m[36mTRANSACTION (0.3ms)[0m  [1m[35mCOMMIT[0m
  ↳ app/controllers/api/v1/users_controller.rb:11:in `create'
[active_model_serializers] Rendered ActiveModel::Serializer::Null with Hash (1.99ms)
Completed 201 Created in 200ms (Views: 3.1ms | ActiveRecord: 5.2ms | Allocations: 10077)


Started POST "//api/v1/login" for ::1 at 2021-02-26 15:16:46 -0800
Processing by Api::V1::AuthController#create as JSON
  Parameters: {"user"=>{"username"=>"alex2", "password"=>"[FILTERED]"}, "auth"=>{"user"=>{"username"=>"alex2", "password"=>"[FILTERED]"}}}
  [1m[36mUser Load (0.6ms)[0m  [1m[34mSELECT "users".* FROM "users" WHERE "users"."username" = $1 LIMIT $2[0m  [["username", "alex2"], ["LIMIT", 1]]
  ↳ app/controllers/api/v1/auth_controller.rb:5:in `create'
[active_model_serializers] Rendered ActiveModel::Serializer::Null with Hash (0.13ms)
Completed 202 Accepted in 194ms (Views: 0.6ms | ActiveRecord: 1.0ms | Allocations: 1376)


Started GET "/api/v1/profile" for ::1 at 2021-02-26 15:16:46 -0800
Processing by Api::V1::UsersController#profile as */*
  [1m[36mUser Load (0.5ms)[0m  [1m[34mSELECT "users".* FROM "users" WHERE "users"."id" = $1 LIMIT $2[0m  [["id", 3], ["LIMIT", 1]]
  ↳ app/controllers/application_controller.rb:29:in `current_user'
  [1m[36mCACHE User Load (0.0ms)[0m  [1m[34mSELECT "users".* FROM "users" WHERE "users"."id" = $1 LIMIT $2[0m  [["id", 3], ["LIMIT", 1]]
  ↳ app/controllers/application_controller.rb:29:in `current_user'
  [1m[36mCACHE User Load (0.0ms)[0m  [1m[34mSELECT "users".* FROM "users" WHERE "users"."id" = $1 LIMIT $2[0m  [["id", 3], ["LIMIT", 1]]
  ↳ app/controllers/application_controller.rb:29:in `current_user'
  [1m[36mCACHE User Load (0.0ms)[0m  [1m[34mSELECT "users".* FROM "users" WHERE "users"."id" = $1 LIMIT $2[0m  [["id", 3], ["LIMIT", 1]]
  ↳ app/controllers/application_controller.rb:29:in `current_user'
[active_model_serializers] Rendered ActiveModel::Serializer::Null with Hash (0.11ms)
Completed 202 Accepted in 7ms (Views: 1.2ms | ActiveRecord: 0.5ms | Allocations: 2690)


